




2015-01-09 05:23:51
2015-01-21 19:13:21
2015-02-03 14:14:18
2015-02-04 21:52:45
2015-02-07 22:58:10
2015-02-16 12:09:19
2015-02-16 12:09:19
2015-02-25 00:29:00
2015-02-26 08:57:45
2015-02-26 08:57:45
2015-03-12 18:33:06
2015-03-22 14:42:25
==> data/Sales-3/feb-sales-Hardware.csv <==
==> data/Sales-3/feb-sales-Service.csv <==
==> data/Sales-3/feb-sales-Software.csv <==
==> data/Sales-3/sales-feb-2015.csv <==
==> data/Sales-3/sales-jan-2015.csv <==
==> data/Sales-3/sales-mar-2015.csv <==
Date
Date
Date
Date
Date
Date
